{"level":"info","message":"Method: GET Path: /api/v1/posts Request Body: {}","timestamp":"2021-07-18T06:43:25.345Z"}
{"level":"info","message":"--------------------------------------------------","timestamp":"2021-07-18T06:43:25.345Z"}
{"level":"error","timestamp":"2021-07-18T06:43:25.348Z"}
{"level":"info","message":"Method: GET Path: /api/v1/posts Request Body: {}","timestamp":"2021-07-18T06:43:48.824Z"}
{"level":"info","message":"--------------------------------------------------","timestamp":"2021-07-18T06:43:48.824Z"}
{"level":"error","timestamp":"2021-07-18T06:43:48.828Z"}
{"level":"info","message":"Method: GET Path: /api/v1/posts Request Body: {}","timestamp":"2021-07-18T06:43:59.861Z"}
{"level":"info","message":"--------------------------------------------------","timestamp":"2021-07-18T06:43:59.861Z"}
{"level":"error","timestamp":"2021-07-18T06:43:59.907Z"}
{"level":"info","message":"Method: GET Path: /api/v1/posts Request Body: {}","timestamp":"2021-07-18T06:44:44.948Z"}
{"level":"info","message":"--------------------------------------------------","timestamp":"2021-07-18T06:44:44.950Z"}
{"level":"error","timestamp":"2021-07-18T06:44:44.990Z"}
{"level":"info","message":"Method: GET Path: /api/v1/posts Request Body: {}","timestamp":"2021-07-18T06:44:58.003Z"}
{"level":"info","message":"--------------------------------------------------","timestamp":"2021-07-18T06:44:58.003Z"}
{"level":"error","timestamp":"2021-07-18T06:44:58.055Z"}
{"level":"info","message":"Method: GET Path: /api/v1/posts Request Body: {}","timestamp":"2021-07-18T06:45:18.430Z"}
{"level":"info","message":"--------------------------------------------------","timestamp":"2021-07-18T06:45:18.430Z"}
{"level":"error","timestamp":"2021-07-18T06:45:18.474Z"}
{"level":"info","message":"Method: GET Path: /api/v1/posts Request Body: {}","timestamp":"2021-07-18T06:45:35.626Z"}
{"level":"info","message":"--------------------------------------------------","timestamp":"2021-07-18T06:45:35.627Z"}
{"level":"error","timestamp":"2021-07-18T06:45:35.657Z"}
{"level":"info","message":"Method: GET Path: /api/v1/posts Request Body: {}","timestamp":"2021-07-18T06:49:34.843Z"}
{"level":"info","message":"--------------------------------------------------","timestamp":"2021-07-18T06:49:34.844Z"}
{"level":"error","timestamp":"2021-07-18T06:49:34.847Z"}
{"level":"info","message":"Method: GET Path: /api/v1/posts Request Body: {}","timestamp":"2021-07-18T06:50:46.534Z"}
{"level":"info","message":"--------------------------------------------------","timestamp":"2021-07-18T06:50:46.534Z"}
{"level":"error","timestamp":"2021-07-18T06:50:46.538Z"}
{"level":"info","message":"Method: GET Path: /api/v1/posts Request Body: {}","timestamp":"2021-07-18T06:50:53.934Z"}
{"level":"info","message":"--------------------------------------------------","timestamp":"2021-07-18T06:50:53.935Z"}
{"level":"error","timestamp":"2021-07-18T06:50:53.978Z"}
{"level":"info","message":"Method: GET Path: /api/v1/posts Request Body: {}","timestamp":"2021-07-18T06:53:43.648Z"}
{"level":"info","message":"--------------------------------------------------","timestamp":"2021-07-18T06:53:43.648Z"}
{"level":"error","timestamp":"2021-07-18T06:53:43.688Z"}
{"level":"info","message":"Method: GET Path: /api/v1/posts Request Body: {}","timestamp":"2021-07-18T06:56:14.730Z"}
{"level":"info","message":"--------------------------------------------------","timestamp":"2021-07-18T06:56:14.731Z"}
{"level":"error","timestamp":"2021-07-18T06:56:14.734Z"}
{"level":"info","message":"Method: GET Path: /api/v1/posts Request Body: {}","timestamp":"2021-07-18T06:56:58.333Z"}
{"level":"info","message":"--------------------------------------------------","timestamp":"2021-07-18T06:56:58.334Z"}
{"level":"error","timestamp":"2021-07-18T06:56:58.337Z"}
{"level":"info","message":"Method: GET Path: /api/v1/posts Request Body: {}","timestamp":"2021-07-18T06:57:07.315Z"}
{"level":"info","message":"--------------------------------------------------","timestamp":"2021-07-18T06:57:07.316Z"}
{"level":"error","timestamp":"2021-07-18T06:57:07.316Z"}
{"level":"info","message":"Method: GET Path: /api/v1/posts Request Body: {}","timestamp":"2021-07-18T06:57:32.037Z"}
{"level":"info","message":"--------------------------------------------------","timestamp":"2021-07-18T06:57:32.039Z"}
{"level":"error","timestamp":"2021-07-18T06:57:32.044Z"}
{"level":"info","message":"Method: GET Path: /api/v1/posts Request Body: {}","timestamp":"2021-07-18T06:58:54.730Z"}
{"level":"info","message":"--------------------------------------------------","timestamp":"2021-07-18T06:58:54.731Z"}
{"level":"error","timestamp":"2021-07-18T06:58:54.734Z"}
{"level":"info","message":"Method: GET Path: /api/v1/posts Request Body: {}","timestamp":"2021-07-18T06:59:07.926Z"}
{"level":"info","message":"--------------------------------------------------","timestamp":"2021-07-18T06:59:07.927Z"}
{"level":"error","timestamp":"2021-07-18T06:59:07.929Z"}
{"level":"info","message":"Method: GET Path: /api/v1/posts Request Body: {}","timestamp":"2021-07-18T06:59:43.671Z"}
{"level":"info","message":"--------------------------------------------------","timestamp":"2021-07-18T06:59:43.672Z"}
{"level":"error","timestamp":"2021-07-18T06:59:43.676Z"}
{"level":"info","message":"Method: GET Path: /api/v1/posts Request Body: {}","timestamp":"2021-07-18T07:01:03.955Z"}
{"level":"info","message":"--------------------------------------------------","timestamp":"2021-07-18T07:01:03.955Z"}
{"level":"error","timestamp":"2021-07-18T07:01:04.012Z"}
{"level":"info","message":"Method: GET Path: /api/v1/posts Request Body: {}","timestamp":"2021-07-18T07:01:19.889Z"}
{"level":"info","message":"--------------------------------------------------","timestamp":"2021-07-18T07:01:19.890Z"}
{"level":"info","message":"Method: GET Path: /api/v1/posts Request Body: {}","timestamp":"2021-07-18T07:01:59.079Z"}
{"level":"info","message":"--------------------------------------------------","timestamp":"2021-07-18T07:01:59.080Z"}
{"level":"info","message":"Method: GET Path: /api/v1/posts Request Body: {}","timestamp":"2021-07-18T07:02:46.029Z"}
{"level":"info","message":"--------------------------------------------------","timestamp":"2021-07-18T07:02:46.030Z"}
{"code":"ER_PARSE_ERROR","errno":1064,"sqlMessage":"You have an error in your SQL syntax; check the manual that corresponds to your MariaDB server version for the right syntax to use near ''asc' LIMIT 0, 50' at line 1","sqlState":"42000","index":0,"sql":"SELECT * FROM posts_slim ORDER BY id 'asc' LIMIT 0, 50","level":"error","timestamp":"2021-07-18T07:02:46.064Z"}
{"level":"info","message":"Method: GET Path: /api/v1/posts Request Body: {}","timestamp":"2021-07-18T07:05:29.576Z"}
{"level":"info","message":"--------------------------------------------------","timestamp":"2021-07-18T07:05:29.577Z"}
{"code":"ER_PARSE_ERROR","errno":1064,"sqlMessage":"You have an error in your SQL syntax; check the manual that corresponds to your MariaDB server version for the right syntax to use near ''\\'asc\\'' LIMIT 0, 50' at line 1","sqlState":"42000","index":0,"sql":"SELECT * FROM posts_slim ORDER BY id '\\'asc\\'' LIMIT 0, 50","level":"error","timestamp":"2021-07-18T07:05:29.636Z"}
{"level":"info","message":"Method: GET Path: /api/v1/posts Request Body: {}","timestamp":"2021-07-18T07:06:56.010Z"}
{"level":"info","message":"--------------------------------------------------","timestamp":"2021-07-18T07:06:56.011Z"}
{"code":"ER_PARSE_ERROR","errno":1064,"sqlMessage":"You have an error in your SQL syntax; check the manual that corresponds to your MariaDB server version for the right syntax to use near ''asc' LIMIT 0, 50' at line 1","sqlState":"42000","index":0,"sql":"SELECT * FROM posts_slim ORDER BY id 'asc' LIMIT 0, 50","level":"error","timestamp":"2021-07-18T07:06:56.052Z"}
{"level":"info","message":"Method: GET Path: /api/v1/posts Request Body: {}","timestamp":"2021-07-18T07:09:49.949Z"}
{"level":"info","message":"--------------------------------------------------","timestamp":"2021-07-18T07:09:49.950Z"}
{"level":"error","timestamp":"2021-07-18T07:09:49.951Z"}
{"level":"info","message":"Method: GET Path: /api/v1/posts Request Body: {}","timestamp":"2021-07-18T07:10:09.304Z"}
{"level":"info","message":"--------------------------------------------------","timestamp":"2021-07-18T07:10:09.305Z"}
{"code":"ER_PARSE_ERROR","errno":1064,"sqlMessage":"You have an error in your SQL syntax; check the manual that corresponds to your MariaDB server version for the right syntax to use near ''\\'asc\\'' LIMIT 0, 50' at line 1","sqlState":"42000","index":0,"sql":"SELECT * FROM posts_slim ORDER BY id '\\'asc\\'' LIMIT 0, 50","level":"error","timestamp":"2021-07-18T07:10:09.344Z"}
{"level":"info","message":"Method: GET Path: /api/v1/posts Request Body: {}","timestamp":"2021-07-18T07:11:32.040Z"}
{"level":"info","message":"--------------------------------------------------","timestamp":"2021-07-18T07:11:32.040Z"}
{"code":"ER_PARSE_ERROR","errno":1064,"sqlMessage":"You have an error in your SQL syntax; check the manual that corresponds to your MariaDB server version for the right syntax to use near ''asc' LIMIT 0, 50' at line 1","sqlState":"42000","index":0,"sql":"SELECT * FROM posts_slim ORDER BY id 'asc' LIMIT 0, 50","level":"error","timestamp":"2021-07-18T07:11:32.078Z"}
{"level":"info","message":"Method: GET Path: /api/v1/posts Request Body: {}","timestamp":"2021-07-18T07:11:49.609Z"}
{"level":"info","message":"--------------------------------------------------","timestamp":"2021-07-18T07:11:49.610Z"}
{"code":"ER_PARSE_ERROR","errno":1064,"sqlMessage":"You have an error in your SQL syntax; check the manual that corresponds to your MariaDB server version for the right syntax to use near ''asc' LIMIT 0, 50' at line 1","sqlState":"42000","index":0,"sql":"SELECT * FROM posts_slim ORDER BY id 'asc' LIMIT 0, 50","level":"error","timestamp":"2021-07-18T07:11:49.843Z"}
{"level":"info","message":"Method: GET Path: /api/v1/posts Request Body: {}","timestamp":"2021-07-18T07:13:38.044Z"}
{"level":"info","message":"--------------------------------------------------","timestamp":"2021-07-18T07:13:38.045Z"}
{"level":"info","message":"Method: GET Path: /api/v1/posts Request Body: {}","timestamp":"2021-07-18T07:17:16.732Z"}
{"level":"info","message":"--------------------------------------------------","timestamp":"2021-07-18T07:17:16.733Z"}
{"level":"info","message":"Method: GET Path: /api/v1/posts Request Body: {}","timestamp":"2021-07-18T07:17:30.386Z"}
{"level":"info","message":"--------------------------------------------------","timestamp":"2021-07-18T07:17:30.386Z"}
{"level":"info","message":"Method: GET Path: /api/v1/posts Request Body: {}","timestamp":"2021-07-18T07:20:59.057Z"}
{"level":"info","message":"--------------------------------------------------","timestamp":"2021-07-18T07:20:59.057Z"}
{"level":"info","message":"Method: GET Path: /api/v1/posts Request Body: {}","timestamp":"2021-07-18T07:21:47.316Z"}
{"level":"info","message":"--------------------------------------------------","timestamp":"2021-07-18T07:21:47.317Z"}
{"level":"info","message":"Method: GET Path: /api/v1/posts Request Body: {}","timestamp":"2021-07-18T07:22:19.745Z"}
{"level":"info","message":"--------------------------------------------------","timestamp":"2021-07-18T07:22:19.746Z"}
{"level":"info","message":"Method: GET Path: /api/v1/posts Request Body: {}","timestamp":"2021-07-18T07:22:43.244Z"}
{"level":"info","message":"--------------------------------------------------","timestamp":"2021-07-18T07:22:43.244Z"}
{"level":"info","message":"Method: GET Path: /api/v1/posts Request Body: {}","timestamp":"2021-07-18T07:55:13.808Z"}
{"level":"info","message":"--------------------------------------------------","timestamp":"2021-07-18T07:55:13.809Z"}
{"code":"ER_PARSE_ERROR","errno":1064,"sqlMessage":"You have an error in your SQL syntax; check the manual that corresponds to your MariaDB server version for the right syntax to use near 'BY date, id asc LIMIT 0, 50' at line 1","sqlState":"42000","index":0,"sql":"SELECT * FROM posts_slim ORDExR BY date, id asc LIMIT 0, 50","level":"error","timestamp":"2021-07-18T07:55:13.848Z"}
{"level":"info","message":"Method: GET Path: /api/v1/posts Request Body: {}","timestamp":"2021-07-18T07:55:51.104Z"}
{"level":"info","message":"--------------------------------------------------","timestamp":"2021-07-18T07:55:51.105Z"}
{"code":"ER_PARSE_ERROR","errno":1064,"sqlMessage":"You have an error in your SQL syntax; check the manual that corresponds to your MariaDB server version for the right syntax to use near 'BY date, id asc LIMIT 0, 50' at line 1","sqlState":"42000","index":0,"sql":"SELECT * FROM posts_slim ORDExR BY date, id asc LIMIT 0, 50","level":"error","timestamp":"2021-07-18T07:55:51.139Z"}
{"level":"info","message":"Method: GET Path: /api/v1/posts Request Body: {}","timestamp":"2021-07-18T07:56:07.366Z"}
{"level":"info","message":"--------------------------------------------------","timestamp":"2021-07-18T07:56:07.366Z"}
{"code":"ER_PARSE_ERROR","errno":1064,"sqlMessage":"You have an error in your SQL syntax; check the manual that corresponds to your MariaDB server version for the right syntax to use near 'BY date, id asc LIMIT 0, 50' at line 1","sqlState":"42000","index":0,"sql":"SELECT * FROM posts_slim ORDExR BY date, id asc LIMIT 0, 50","level":"error","timestamp":"2021-07-18T07:56:07.423Z"}
{"level":"info","message":"Method: GET Path: /api/v1/posts Request Body: {}","timestamp":"2021-07-18T07:56:29.818Z"}
{"level":"info","message":"--------------------------------------------------","timestamp":"2021-07-18T07:56:29.818Z"}
{"code":"ER_PARSE_ERROR","errno":1064,"sqlMessage":"You have an error in your SQL syntax; check the manual that corresponds to your MariaDB server version for the right syntax to use near 'BY date, id asc LIMIT 0, 50' at line 1","sqlState":"42000","index":0,"sql":"SELECT * FROM posts_slim ORDExR BY date, id asc LIMIT 0, 50","level":"error","timestamp":"2021-07-18T07:56:29.859Z"}
{"level":"info","message":"Method: GET Path: /api/v1/posts Request Body: {}","timestamp":"2021-07-18T07:56:59.885Z"}
{"level":"info","message":"--------------------------------------------------","timestamp":"2021-07-18T07:56:59.885Z"}
{"code":"ER_PARSE_ERROR","errno":1064,"sqlMessage":"You have an error in your SQL syntax; check the manual that corresponds to your MariaDB server version for the right syntax to use near 'BY date, id asc LIMIT 0, 50' at line 1","sqlState":"42000","index":0,"sql":"SELECT * FROM posts_slim ORDExR BY date, id asc LIMIT 0, 50","level":"error","timestamp":"2021-07-18T07:56:59.924Z"}
{"level":"info","message":"Method: GET Path: /api/v1/posts Request Body: {}","timestamp":"2021-07-18T07:58:03.365Z"}
{"level":"info","message":"--------------------------------------------------","timestamp":"2021-07-18T07:58:03.366Z"}
{"code":"ER_PARSE_ERROR","errno":1064,"sqlMessage":"You have an error in your SQL syntax; check the manual that corresponds to your MariaDB server version for the right syntax to use near 'BY date, id asc LIMIT 0, 50' at line 1","sqlState":"42000","index":0,"sql":"SELECT * FROM posts_slim ORDExR BY date, id asc LIMIT 0, 50","level":"error","timestamp":"2021-07-18T07:58:03.409Z"}
{"level":"info","message":"Method: GET Path: /api/v1/posts Request Body: {}","timestamp":"2021-07-18T07:59:54.382Z"}
{"level":"info","message":"--------------------------------------------------","timestamp":"2021-07-18T07:59:54.382Z"}
{"code":"ER_PARSE_ERROR","errno":1064,"sqlMessage":"You have an error in your SQL syntax; check the manual that corresponds to your MariaDB server version for the right syntax to use near 'BY date, id asc LIMIT 0, 50' at line 1","sqlState":"42000","index":0,"sql":"SELECT * FROM posts_slim ORDExR BY date, id asc LIMIT 0, 50","level":"error","timestamp":"2021-07-18T07:59:54.424Z"}
{"level":"info","message":"Method: GET Path: /api/v1/posts Request Body: {}","timestamp":"2021-07-18T08:01:57.096Z"}
{"level":"info","message":"--------------------------------------------------","timestamp":"2021-07-18T08:01:57.097Z"}
{"code":"ER_PARSE_ERROR","errno":1064,"sqlMessage":"You have an error in your SQL syntax; check the manual that corresponds to your MariaDB server version for the right syntax to use near 'BY date, id asc LIMIT 0, 50' at line 1","sqlState":"42000","index":0,"sql":"SELECT * FROM posts_slim ORDExR BY date, id asc LIMIT 0, 50","level":"error","timestamp":"2021-07-18T08:01:57.134Z"}
{"level":"info","message":"Method: GET Path: /api/v1/posts Request Body: {}","timestamp":"2021-07-18T08:03:41.005Z"}
{"level":"info","message":"--------------------------------------------------","timestamp":"2021-07-18T08:03:41.006Z"}
{"level":"info","message":"Method: GET Path: /api/v1/posts Request Body: {}","timestamp":"2021-07-18T08:03:58.508Z"}
{"level":"info","message":"--------------------------------------------------","timestamp":"2021-07-18T08:03:58.509Z"}
{"level":"info","message":"Method: GET Path: /api/v1/posts Request Body: {}","timestamp":"2021-07-18T08:07:36.492Z"}
{"level":"info","message":"--------------------------------------------------","timestamp":"2021-07-18T08:07:36.492Z"}
{"level":"info","message":"Method: GET Path: /api/v1/posts Request Body: {}","timestamp":"2021-07-18T08:07:53.527Z"}
{"level":"info","message":"--------------------------------------------------","timestamp":"2021-07-18T08:07:53.528Z"}
{"level":"info","message":"Method: GET Path: /api/v1/posts Request Body: {}","timestamp":"2021-07-18T08:08:40.805Z"}
{"level":"info","message":"--------------------------------------------------","timestamp":"2021-07-18T08:08:40.806Z"}
{"level":"info","message":"Method: GET Path: /api/v1/posts Request Body: {}","timestamp":"2021-07-18T08:09:02.319Z"}
{"level":"info","message":"--------------------------------------------------","timestamp":"2021-07-18T08:09:02.320Z"}
{"level":"info","message":"Method: GET Path: /api/v1/posts Request Body: {}","timestamp":"2021-07-18T08:09:11.354Z"}
{"level":"info","message":"--------------------------------------------------","timestamp":"2021-07-18T08:09:11.354Z"}
{"level":"info","message":"Method: GET Path: /api/v1/posts Request Body: {}","timestamp":"2021-07-18T08:09:17.778Z"}
{"level":"info","message":"--------------------------------------------------","timestamp":"2021-07-18T08:09:17.778Z"}
{"level":"info","message":"Method: GET Path: /api/v1/posts Request Body: {}","timestamp":"2021-07-18T08:11:00.566Z"}
{"level":"info","message":"--------------------------------------------------","timestamp":"2021-07-18T08:11:00.567Z"}
{"level":"info","message":"Method: GET Path: /api/v1/posts Request Body: {}","timestamp":"2021-07-18T08:11:10.263Z"}
{"level":"info","message":"--------------------------------------------------","timestamp":"2021-07-18T08:11:10.264Z"}
{"level":"info","message":"Method: GET Path: /api/v1/posts Request Body: {}","timestamp":"2021-07-18T08:11:20.548Z"}
{"level":"info","message":"--------------------------------------------------","timestamp":"2021-07-18T08:11:20.548Z"}
{"level":"info","message":"Method: GET Path: /api/v1/posts Request Body: {}","timestamp":"2021-07-18T08:11:43.415Z"}
{"level":"info","message":"--------------------------------------------------","timestamp":"2021-07-18T08:11:43.416Z"}
{"level":"info","message":"Method: GET Path: /api/v1/posts Request Body: {}","timestamp":"2021-07-18T08:13:34.244Z"}
{"level":"info","message":"--------------------------------------------------","timestamp":"2021-07-18T08:13:34.245Z"}
{"level":"info","message":"Method: GET Path: /api/v1/posts Request Body: {}","timestamp":"2021-07-18T08:13:39.320Z"}
{"level":"info","message":"--------------------------------------------------","timestamp":"2021-07-18T08:13:39.320Z"}
{"level":"info","message":"Method: GET Path: /api/v1/posts Request Body: {}","timestamp":"2021-07-18T08:13:46.899Z"}
{"level":"info","message":"--------------------------------------------------","timestamp":"2021-07-18T08:13:46.899Z"}
{"level":"info","message":"Method: GET Path: /api/v1/posts Request Body: {}","timestamp":"2021-07-18T08:15:40.452Z"}
{"level":"info","message":"--------------------------------------------------","timestamp":"2021-07-18T08:15:40.453Z"}
{"level":"info","message":"Method: GET Path: /api/v1/posts Request Body: {}","timestamp":"2021-07-18T08:19:07.512Z"}
{"level":"info","message":"--------------------------------------------------","timestamp":"2021-07-18T08:19:07.513Z"}
{"level":"info","message":"Method: GET Path: /api/v1/posts Request Body: {}","timestamp":"2021-07-18T08:19:10.678Z"}
{"level":"info","message":"--------------------------------------------------","timestamp":"2021-07-18T08:19:10.678Z"}
{"level":"info","message":"Method: GET Path: /api/v1/posts Request Body: {}","timestamp":"2021-07-18T08:19:13.527Z"}
{"level":"info","message":"--------------------------------------------------","timestamp":"2021-07-18T08:19:13.528Z"}
