{"level":"info","message":"Method: GET Path: /api/v1/admin/bots Request Body: {}","timestamp":"2021-07-16T17:08:02.744Z"}
{"level":"info","message":"--------------------------------------------------","timestamp":"2021-07-16T17:08:02.745Z"}
{"level":"info","message":"Method: GET Path: /api/v1/posts Request Body: {}","timestamp":"2021-07-16T17:26:31.441Z"}
{"level":"info","message":"--------------------------------------------------","timestamp":"2021-07-16T17:26:31.442Z"}
{"level":"error","timestamp":"2021-07-16T17:26:31.445Z"}
{"level":"info","message":"Method: GET Path: /api/v1/posts Request Body: {}","timestamp":"2021-07-16T17:27:05.651Z"}
{"level":"info","message":"--------------------------------------------------","timestamp":"2021-07-16T17:27:05.651Z"}
{"level":"error","timestamp":"2021-07-16T17:27:05.654Z"}
{"level":"info","message":"Method: GET Path: /api/v1/posts Request Body: {}","timestamp":"2021-07-16T17:27:40.712Z"}
{"level":"info","message":"--------------------------------------------------","timestamp":"2021-07-16T17:27:40.713Z"}
{"level":"error","timestamp":"2021-07-16T17:27:40.716Z"}
{"level":"info","message":"Method: GET Path: /api/v1/posts Request Body: {}","timestamp":"2021-07-16T17:30:16.134Z"}
{"level":"info","message":"--------------------------------------------------","timestamp":"2021-07-16T17:30:16.135Z"}
{"level":"error","timestamp":"2021-07-16T17:30:16.139Z"}
{"level":"info","message":"Method: GET Path: /api/v1/posts Request Body: {}","timestamp":"2021-07-16T17:32:17.141Z"}
{"level":"info","message":"--------------------------------------------------","timestamp":"2021-07-16T17:32:17.142Z"}
{"level":"error","timestamp":"2021-07-16T17:32:17.152Z"}
{"level":"info","message":"Method: GET Path: /api/v1/posts Request Body: {}","timestamp":"2021-07-16T17:33:38.297Z"}
{"level":"info","message":"--------------------------------------------------","timestamp":"2021-07-16T17:33:38.297Z"}
{"level":"error","timestamp":"2021-07-16T17:33:38.300Z"}
{"level":"info","message":"Method: GET Path: /api/v1/posts Request Body: {}","timestamp":"2021-07-16T17:34:14.490Z"}
{"level":"info","message":"--------------------------------------------------","timestamp":"2021-07-16T17:34:14.491Z"}
{"level":"error","timestamp":"2021-07-16T17:34:14.500Z"}
{"level":"info","message":"Method: GET Path: /api/v1/posts Request Body: {}","timestamp":"2021-07-16T18:43:47.439Z"}
{"level":"info","message":"--------------------------------------------------","timestamp":"2021-07-16T18:43:47.440Z"}
{"code":"ER_ACCESS_DENIED_ERROR","errno":1045,"sqlMessage":"Access denied for user 'marketplaces'@'localhost' (using password: YES)","sqlState":"28000","fatal":true,"level":"error","timestamp":"2021-07-16T18:43:48.020Z"}
{"level":"info","message":"Method: GET Path: /api/v1/posts Request Body: {}","timestamp":"2021-07-16T18:44:22.573Z"}
{"level":"info","message":"--------------------------------------------------","timestamp":"2021-07-16T18:44:22.574Z"}
{"code":"ER_ACCESS_DENIED_ERROR","errno":1045,"sqlMessage":"Access denied for user 'marketplaces'@'localhost' (using password: YES)","sqlState":"28000","fatal":true,"level":"error","timestamp":"2021-07-16T18:44:23.096Z"}
{"level":"info","message":"Method: GET Path: /api/v1/posts Request Body: {}","timestamp":"2021-07-16T18:50:00.717Z"}
{"level":"info","message":"--------------------------------------------------","timestamp":"2021-07-16T18:50:00.718Z"}
{"code":"ER_ACCESS_DENIED_ERROR","errno":1045,"sqlMessage":"Access denied for user 'marketplaces'@'localhost' (using password: YES)","sqlState":"28000","fatal":true,"level":"error","timestamp":"2021-07-16T18:50:00.814Z"}
{"level":"info","message":"Method: GET Path: /api/v1/posts Request Body: {}","timestamp":"2021-07-16T18:54:04.399Z"}
{"level":"info","message":"--------------------------------------------------","timestamp":"2021-07-16T18:54:04.400Z"}
{"errno":"ECONNREFUSED","code":"ECONNREFUSED","syscall":"connect","address":"37.9.175.11","port":3306,"fatal":true,"level":"error","timestamp":"2021-07-16T18:54:04.887Z"}
{"level":"info","message":"Method: GET Path: /api/v1/posts Request Body: {}","timestamp":"2021-07-16T18:54:22.080Z"}
{"level":"info","message":"--------------------------------------------------","timestamp":"2021-07-16T18:54:22.080Z"}
{"errno":"ECONNREFUSED","code":"ECONNREFUSED","syscall":"connect","address":"37.9.175.11","port":3306,"fatal":true,"level":"error","timestamp":"2021-07-16T18:54:22.092Z"}
{"level":"info","message":"Method: GET Path: /api/v1/posts Request Body: {}","timestamp":"2021-07-16T19:20:26.489Z"}
{"level":"info","message":"--------------------------------------------------","timestamp":"2021-07-16T19:20:26.489Z"}
{"errno":"ECONNREFUSED","code":"ECONNREFUSED","syscall":"connect","address":"37.9.175.11","port":3306,"fatal":true,"level":"error","timestamp":"2021-07-16T19:20:26.518Z"}
{"level":"info","message":"Method: GET Path: /api/v1/posts Request Body: {}","timestamp":"2021-07-16T19:22:07.238Z"}
{"level":"info","message":"--------------------------------------------------","timestamp":"2021-07-16T19:22:07.239Z"}
{"code":"ER_ACCESS_DENIED_ERROR","errno":1045,"sqlMessage":"Access denied for user 'marketplaces'@'localhost' (using password: YES)","sqlState":"28000","fatal":true,"level":"error","timestamp":"2021-07-16T19:22:07.800Z"}
{"level":"info","message":"Method: GET Path: /api/v1/posts Request Body: {}","timestamp":"2021-07-16T19:22:49.073Z"}
{"level":"info","message":"--------------------------------------------------","timestamp":"2021-07-16T19:22:49.074Z"}
{"code":"ER_ACCESS_DENIED_ERROR","errno":1045,"sqlMessage":"Access denied for user 'marketplaces'@'localhost' (using password: YES)","sqlState":"28000","fatal":true,"level":"error","timestamp":"2021-07-16T19:22:49.643Z"}
{"level":"info","message":"Method: GET Path: /api/v1/posts Request Body: {}","timestamp":"2021-07-16T19:23:15.022Z"}
{"level":"info","message":"--------------------------------------------------","timestamp":"2021-07-16T19:23:15.022Z"}
{"code":"ER_ACCESS_DENIED_ERROR","errno":1045,"sqlMessage":"Access denied for user 'marketplaces'@'localhost' (using password: YES)","sqlState":"28000","fatal":true,"level":"error","timestamp":"2021-07-16T19:23:15.482Z"}
{"level":"info","message":"Method: GET Path: /api/v1/posts Request Body: {}","timestamp":"2021-07-16T19:23:35.687Z"}
{"level":"info","message":"--------------------------------------------------","timestamp":"2021-07-16T19:23:35.688Z"}
{"code":"ER_ACCESS_DENIED_ERROR","errno":1045,"sqlMessage":"Access denied for user 'marketplaces'@'localhost' (using password: YES)","sqlState":"28000","fatal":true,"level":"error","timestamp":"2021-07-16T19:23:36.306Z"}
{"level":"info","message":"Method: GET Path: /api/v1/posts Request Body: {}","timestamp":"2021-07-16T19:23:56.292Z"}
{"level":"info","message":"--------------------------------------------------","timestamp":"2021-07-16T19:23:56.293Z"}
{"code":"ER_ACCESS_DENIED_ERROR","errno":1045,"sqlMessage":"Access denied for user 'marketplaces'@'localhost' (using password: YES)","sqlState":"28000","fatal":true,"level":"error","timestamp":"2021-07-16T19:23:56.836Z"}
{"level":"info","message":"Method: GET Path: /api/v1/posts Request Body: {}","timestamp":"2021-07-16T19:35:21.915Z"}
{"level":"info","message":"--------------------------------------------------","timestamp":"2021-07-16T19:35:21.916Z"}
{"code":"ER_ACCESS_DENIED_ERROR","errno":1045,"sqlMessage":"Access denied for user 'marketplaces'@'localhost' (using password: YES)","sqlState":"28000","fatal":true,"level":"error","timestamp":"2021-07-16T19:35:22.081Z"}
{"level":"info","message":"Method: GET Path: /api/v1/posts Request Body: {}","timestamp":"2021-07-16T19:40:49.106Z"}
{"level":"info","message":"--------------------------------------------------","timestamp":"2021-07-16T19:40:49.107Z"}
{"code":"ER_ACCESS_DENIED_ERROR","errno":1045,"sqlMessage":"Access denied for user 'marketplaces'@'localhost' (using password: YES)","sqlState":"28000","fatal":true,"level":"error","timestamp":"2021-07-16T19:40:49.252Z"}
{"level":"info","message":"Method: GET Path: /api/v1/bots Request Body: {}","timestamp":"2021-07-16T19:45:06.325Z"}
{"level":"info","message":"--------------------------------------------------","timestamp":"2021-07-16T19:45:06.326Z"}
{"level":"info","message":"Method: GET Path: /api/v1/bots Request Body: {}","timestamp":"2021-07-16T19:45:52.580Z"}
{"level":"info","message":"--------------------------------------------------","timestamp":"2021-07-16T19:45:52.580Z"}
{"level":"info","message":"Method: GET Path: /api/v1/bots Request Body: {}","timestamp":"2021-07-16T19:46:01.941Z"}
{"level":"info","message":"--------------------------------------------------","timestamp":"2021-07-16T19:46:01.941Z"}
{"level":"info","message":"Method: GET Path: /api/v1/bots Request Body: {}","timestamp":"2021-07-16T19:46:36.489Z"}
{"level":"info","message":"--------------------------------------------------","timestamp":"2021-07-16T19:46:36.489Z"}
{"level":"info","message":"Method: GET Path: /api/v1/posts Request Body: {}","timestamp":"2021-07-16T19:46:49.709Z"}
{"level":"info","message":"--------------------------------------------------","timestamp":"2021-07-16T19:46:49.710Z"}
{"level":"info","message":"Method: GET Path: /api/v1/posts Request Body: {}","timestamp":"2021-07-16T19:46:58.581Z"}
{"level":"info","message":"--------------------------------------------------","timestamp":"2021-07-16T19:46:58.581Z"}
{"level":"info","message":"Method: GET Path: /api/v1/posts Request Body: {}","timestamp":"2021-07-16T19:47:07.106Z"}
{"level":"info","message":"--------------------------------------------------","timestamp":"2021-07-16T19:47:07.107Z"}
{"code":"ER_ACCESS_DENIED_ERROR","errno":1045,"sqlMessage":"Access denied for user 'marketplaces'@'localhost' (using password: YES)","sqlState":"28000","fatal":true,"level":"error","timestamp":"2021-07-16T19:47:07.260Z"}
{"level":"info","message":"Method: GET Path: /api/v1/posts Request Body: {}","timestamp":"2021-07-16T19:49:36.601Z"}
{"level":"info","message":"--------------------------------------------------","timestamp":"2021-07-16T19:49:36.601Z"}
{"errno":"ENOENT","code":"ENOENT","syscall":"connect","address":"/tmp/mariadb103.sock","fatal":true,"level":"error","timestamp":"2021-07-16T19:49:36.734Z"}
{"level":"info","message":"Method: GET Path: /api/v1/posts Request Body: {}","timestamp":"2021-07-16T19:50:57.354Z"}
{"level":"info","message":"--------------------------------------------------","timestamp":"2021-07-16T19:50:57.354Z"}
{"errno":"ENOENT","code":"ENOENT","syscall":"connect","address":"/tmp/mariadb103.sock","fatal":true,"level":"error","timestamp":"2021-07-16T19:50:57.366Z"}
{"level":"info","message":"Method: GET Path: /api/v1/posts Request Body: {}","timestamp":"2021-07-16T19:52:35.994Z"}
{"level":"info","message":"--------------------------------------------------","timestamp":"2021-07-16T19:52:35.994Z"}
{"errno":"ECONNREFUSED","code":"ECONNREFUSED","syscall":"connect","address":"37.9.175.11","port":3306,"fatal":true,"level":"error","timestamp":"2021-07-16T19:52:36.134Z"}
{"level":"info","message":"Method: GET Path: /api/v1/posts Request Body: {}","timestamp":"2021-07-16T19:53:05.011Z"}
{"level":"info","message":"--------------------------------------------------","timestamp":"2021-07-16T19:53:05.012Z"}
{"errno":"ECONNREFUSED","code":"ECONNREFUSED","syscall":"connect","address":"37.9.175.11","port":3306,"fatal":true,"level":"error","timestamp":"2021-07-16T19:53:05.138Z"}
{"level":"info","message":"Method: GET Path: /api/v1/posts Request Body: {}","timestamp":"2021-07-16T20:00:44.194Z"}
{"level":"info","message":"--------------------------------------------------","timestamp":"2021-07-16T20:00:44.195Z"}
{"errno":"ECONNREFUSED","code":"ECONNREFUSED","syscall":"connect","address":"37.9.175.11","port":3306,"fatal":true,"level":"error","timestamp":"2021-07-16T20:00:44.328Z"}
{"level":"info","message":"Method: GET Path: /api/v1/posts Request Body: {}","timestamp":"2021-07-16T20:08:01.560Z"}
{"level":"info","message":"--------------------------------------------------","timestamp":"2021-07-16T20:08:01.560Z"}
{"errno":"ECONNREFUSED","code":"ECONNREFUSED","syscall":"connect","address":"37.9.175.11","port":3306,"fatal":true,"level":"error","timestamp":"2021-07-16T20:08:01.768Z"}
{"level":"info","message":"Method: GET Path: /api/v1/posts Request Body: {}","timestamp":"2021-07-16T20:10:43.167Z"}
{"level":"info","message":"--------------------------------------------------","timestamp":"2021-07-16T20:10:43.168Z"}
{"level":"info","message":"Method: GET Path: /api/v1/posts Request Body: {}","timestamp":"2021-07-16T20:11:23.779Z"}
{"level":"info","message":"--------------------------------------------------","timestamp":"2021-07-16T20:11:23.780Z"}
{"level":"info","message":"Method: GET Path: /api/v1/posts Request Body: {}","timestamp":"2021-07-16T20:12:18.558Z"}
{"level":"info","message":"--------------------------------------------------","timestamp":"2021-07-16T20:12:18.559Z"}
{"level":"info","message":"Method: GET Path: /api/v1/posts Request Body: {}","timestamp":"2021-07-16T20:12:41.277Z"}
{"level":"info","message":"--------------------------------------------------","timestamp":"2021-07-16T20:12:41.278Z"}
